
Circuit 1 cell ppolyf_u and Circuit 2 cell ppolyf_u are black boxes.
Warning: Equate pins:  cell ppolyf_u is a placeholder, treated as a black box.
Warning: Equate pins:  cell ppolyf_u is a placeholder, treated as a black box.

Subcircuit pins:
Circuit 1: ppolyf_u                        |Circuit 2: ppolyf_u                        
-------------------------------------------|-------------------------------------------
1                                          |1                                          
2                                          |2                                          
3                                          |3                                          
---------------------------------------------------------------------------------------
Cell pin lists are equivalent.
Device classes ppolyf_u and ppolyf_u are equivalent.

Circuit 1 cell nfet_05v0 and Circuit 2 cell nfet_06v0 are black boxes.
Warning: Equate pins:  cell nfet_05v0 is a placeholder, treated as a black box.
Warning: Equate pins:  cell nfet_06v0 is a placeholder, treated as a black box.

Subcircuit pins:
Circuit 1: nfet_05v0                       |Circuit 2: nfet_06v0                       
-------------------------------------------|-------------------------------------------
1                                          |1                                          
2                                          |2                                          
3                                          |3                                          
4                                          |4                                          
---------------------------------------------------------------------------------------
Cell pin lists are equivalent.
Device classes nfet_05v0 and nfet_06v0 are equivalent.

Circuit 1 cell pfet_05v0 and Circuit 2 cell pfet_06v0 are black boxes.
Warning: Equate pins:  cell pfet_05v0 is a placeholder, treated as a black box.
Warning: Equate pins:  cell pfet_06v0 is a placeholder, treated as a black box.

Subcircuit pins:
Circuit 1: pfet_05v0                       |Circuit 2: pfet_06v0                       
-------------------------------------------|-------------------------------------------
1                                          |1                                          
2                                          |2                                          
3                                          |3                                          
4                                          |4                                          
---------------------------------------------------------------------------------------
Cell pin lists are equivalent.
Device classes pfet_05v0 and pfet_06v0 are equivalent.

Circuit 1 cell cap_nmos_06v0 and Circuit 2 cell cap_nmos_06v0 are black boxes.
Warning: Equate pins:  cell cap_nmos_06v0 is a placeholder, treated as a black box.
Warning: Equate pins:  cell cap_nmos_06v0 is a placeholder, treated as a black box.

Subcircuit pins:
Circuit 1: cap_nmos_06v0                   |Circuit 2: cap_nmos_06v0                   
-------------------------------------------|-------------------------------------------
1                                          |1                                          
2                                          |2                                          
---------------------------------------------------------------------------------------
Cell pin lists are equivalent.
Device classes cap_nmos_06v0 and cap_nmos_06v0 are equivalent.
Flattening unmatched subcell GF_NI_DVSS_BASE in circuit gf180mcu_fd_io__dvss (0)(1 instance)
Flattening unmatched subcell comp018green_esd_clamp_v5p0_DVSS in circuit gf180mcu_fd_io__dvss (0)(1 instance)
Flattening unmatched subcell pmos_6p0_CDNS_406619531455 in circuit gf180mcu_fd_io__dvss (0)(1 instance)
Flattening unmatched subcell nmos_6p0_CDNS_406619531459 in circuit gf180mcu_fd_io__dvss (0)(1 instance)
Flattening unmatched subcell pmos_6p0_CDNS_406619531456 in circuit gf180mcu_fd_io__dvss (0)(1 instance)
Flattening unmatched subcell comp018green_esd_rc_v5p0 in circuit gf180mcu_fd_io__dvss (0)(1 instance)
Flattening unmatched subcell ppolyf_u_CDNS_406619531453 in circuit gf180mcu_fd_io__dvss (0)(12 instances)
Flattening unmatched subcell pmos_6p0_CDNS_406619531452 in circuit gf180mcu_fd_io__dvss (0)(1 instance)
Flattening unmatched subcell nmos_clamp_20_50_4_DVSS in circuit gf180mcu_fd_io__dvss (0)(1 instance)
Flattening unmatched subcell nmos_6p0_CDNS_406619531457 in circuit gf180mcu_fd_io__dvss (0)(4 instances)
Flattening unmatched subcell nmos_6p0_CDNS_406619531458 in circuit gf180mcu_fd_io__dvss (0)(2 instances)
Flattening unmatched subcell np_6p0_CDNS_406619531451 in circuit gf180mcu_fd_io__dvss (0)(4 instances)

Cell gf180mcu_fd_io__dvss (0) disconnected node: VDD
Cell gf180mcu_fd_io__dvss (1) disconnected node: VDD
Class gf180mcu_fd_io__dvss (0):  Merged 130 parallel devices.
Class gf180mcu_fd_io__dvss (0):  Merged 11 series devices.
Class gf180mcu_fd_io__dvss (1):  Merged 11 series devices.
Cell gf180mcu_fd_io__dvss (0) disconnected node: VDD
Cell gf180mcu_fd_io__dvss (1) disconnected node: VDD
Subcircuit summary:
Circuit 1: gf180mcu_fd_io__dvss            |Circuit 2: gf180mcu_fd_io__dvss            
-------------------------------------------|-------------------------------------------
pfet_05v0 (31->3)                          |pfet_06v0 (3)                              
nfet_05v0 (93->4)                          |nfet_06v0 (4)                              
ppolyf_u (12->1)                           |ppolyf_u (12->1)                           
diode_nd2ps_06v0 (4->1)                    |diode_nd2ps_06v0 (4->1)                    
cap_nmos_06v0 (12->2)                      |cap_nmos_06v0 (12->2)                      
Number of devices: 11                      |Number of devices: 11                      
Number of nets: 6                          |Number of nets: 6                          
---------------------------------------------------------------------------------------
NET mismatches: Class fragments follow (with fanout counts):
Circuit 1: gf180mcu_fd_io__dvss            |Circuit 2: gf180mcu_fd_io__dvss            

---------------------------------------------------------------------------------------
Net: DVDD                                  |Net: DVDD                                  
  pfet_05v0/(1|3) = 3                      |  pfet_06v0/(1|3) = 3                      
  pfet_05v0/4 = 3                          |  pfet_06v0/4 = 3                          
  ppolyf_u/(1|2) = 1                       |  ppolyf_u/(1|2) = 1                       
  nfet_05v0/(1|3) = 1                      |  ppolyf_u/3 = 1                           
  diode_nd2ps_06v0/cathode = 1             |  diode_nd2ps_06v0/cathode = 1             
  cap_nmos_06v0/1 = 1                      |  cap_nmos_06v0/1 = 1                      
                                           |  nfet_06v0/(1|3) = 1                      
                                           |                                           
Net: DVSS                                  |Net: DVSS                                  
  cap_nmos_06v0/2 = 2                      |  cap_nmos_06v0/2 = 2                      
  nfet_05v0/4 = 4                          |  nfet_06v0/(1|3) = 4                      
  ppolyf_u/3 = 1                           |  nfet_06v0/4 = 4                          
  diode_nd2ps_06v0/anode = 1               |  diode_nd2ps_06v0/anode = 1               
  nfet_05v0/(1|3) = 4                      |                                           
---------------------------------------------------------------------------------------
Netlists do not match.
Port matching may fail to disambiguate symmetries.
  Flattening non-matched subcircuits gf180mcu_fd_io__dvss gf180mcu_fd_io__dvss
Flattening unmatched subcell GF_NI_DVDD_BASE in circuit gf180mcu_fd_io__dvdd (0)(1 instance)
Flattening unmatched subcell comp018green_esd_clamp_v5p0_DVDD in circuit gf180mcu_fd_io__dvdd (0)(1 instance)
Flattening unmatched subcell pmos_6p0_CDNS_406619531455 in circuit gf180mcu_fd_io__dvdd (0)(1 instance)
Flattening unmatched subcell nmos_6p0_CDNS_406619531459 in circuit gf180mcu_fd_io__dvdd (0)(1 instance)
Flattening unmatched subcell pmos_6p0_CDNS_406619531456 in circuit gf180mcu_fd_io__dvdd (0)(1 instance)
Flattening unmatched subcell comp018green_esd_rc_v5p0 in circuit gf180mcu_fd_io__dvdd (0)(1 instance)
Flattening unmatched subcell ppolyf_u_CDNS_406619531453 in circuit gf180mcu_fd_io__dvdd (0)(12 instances)
Flattening unmatched subcell pmos_6p0_CDNS_406619531452 in circuit gf180mcu_fd_io__dvdd (0)(1 instance)
Flattening unmatched subcell nmos_6p0_CDNS_406619531458 in circuit gf180mcu_fd_io__dvdd (0)(2 instances)
Flattening unmatched subcell nmos_clamp_20_50_4_DVDD in circuit gf180mcu_fd_io__dvdd (0)(1 instance)
Flattening unmatched subcell nmos_6p0_CDNS_406619531457 in circuit gf180mcu_fd_io__dvdd (0)(4 instances)
Flattening unmatched subcell np_6p0_CDNS_406619531451 in circuit gf180mcu_fd_io__dvdd (0)(4 instances)

Cell gf180mcu_fd_io__dvdd (1) disconnected node: VSS
Class gf180mcu_fd_io__dvdd (0):  Merged 130 parallel devices.
Class gf180mcu_fd_io__dvdd (0):  Merged 11 series devices.
Class gf180mcu_fd_io__dvdd (1):  Merged 11 series devices.
Cell gf180mcu_fd_io__dvdd (1) disconnected node: VSS
Subcircuit summary:
Circuit 1: gf180mcu_fd_io__dvdd            |Circuit 2: gf180mcu_fd_io__dvdd            
-------------------------------------------|-------------------------------------------
pfet_05v0 (31->3)                          |pfet_06v0 (3)                              
nfet_05v0 (93->4)                          |nfet_06v0 (4)                              
ppolyf_u (12->1)                           |ppolyf_u (12->1)                           
diode_nd2ps_06v0 (4->1)                    |diode_nd2ps_06v0 (4->1)                    
cap_nmos_06v0 (12->2)                      |cap_nmos_06v0 (12->2)                      
Number of devices: 11                      |Number of devices: 11                      
Number of nets: 6                          |Number of nets: 6                          
---------------------------------------------------------------------------------------
NET mismatches: Class fragments follow (with fanout counts):
Circuit 1: gf180mcu_fd_io__dvdd            |Circuit 2: gf180mcu_fd_io__dvdd            

---------------------------------------------------------------------------------------
Net: DVDD                                  |Net: DVDD                                  
  pfet_05v0/(1|3) = 3                      |  pfet_06v0/(1|3) = 3                      
  pfet_05v0/4 = 3                          |  pfet_06v0/4 = 3                          
  ppolyf_u/(1|2) = 1                       |  ppolyf_u/(1|2) = 1                       
  nfet_05v0/(1|3) = 1                      |  ppolyf_u/3 = 1                           
  diode_nd2ps_06v0/cathode = 1             |  diode_nd2ps_06v0/cathode = 1             
  cap_nmos_06v0/1 = 1                      |  cap_nmos_06v0/1 = 1                      
                                           |  nfet_06v0/(1|3) = 1                      
                                           |                                           
Net: VSS                                   |Net: DVSS                                  
  nfet_05v0/(1|3) = 4                      |  cap_nmos_06v0/2 = 2                      
  nfet_05v0/4 = 4                          |  nfet_06v0/(1|3) = 4                      
  ppolyf_u/3 = 1                           |  nfet_06v0/4 = 4                          
  diode_nd2ps_06v0/anode = 1               |  diode_nd2ps_06v0/anode = 1               
  cap_nmos_06v0/2 = 2                      |                                           
---------------------------------------------------------------------------------------
Netlists do not match.
Port matching may fail to disambiguate symmetries.
  Flattening non-matched subcircuits gf180mcu_fd_io__dvdd gf180mcu_fd_io__dvdd

Cell gf180mcu_fd_io__fill10 (0) disconnected node: DVSS
Cell gf180mcu_fd_io__fill10 (0) disconnected node: DVDD
Cell gf180mcu_fd_io__fill10 (1) disconnected node: DVDD
Cell gf180mcu_fd_io__fill10 (1) disconnected node: DVSS
Class gf180mcu_fd_io__fill10 (0):  Merged 31 parallel devices.
Cell gf180mcu_fd_io__fill10 (0) disconnected node: DVSS
Cell gf180mcu_fd_io__fill10 (0) disconnected node: DVDD
Cell gf180mcu_fd_io__fill10 (1) disconnected node: DVDD
Cell gf180mcu_fd_io__fill10 (1) disconnected node: DVSS
Subcircuit summary:
Circuit 1: gf180mcu_fd_io__fill10          |Circuit 2: gf180mcu_fd_io__fill10          
-------------------------------------------|-------------------------------------------
cap_nmos_06v0 (32->1)                      |cap_nmos_06v0 (32->1)                      
Number of devices: 1                       |Number of devices: 1                       
Number of nets: 2                          |Number of nets: 2                          
---------------------------------------------------------------------------------------
Netlists match uniquely.

Subcircuit pins:
Circuit 1: gf180mcu_fd_io__fill10          |Circuit 2: gf180mcu_fd_io__fill10          
-------------------------------------------|-------------------------------------------
VDD                                        |VDD                                        
VSS                                        |VSS                                        
DVSS                                       |DVSS                                       
DVDD                                       |DVDD                                       
---------------------------------------------------------------------------------------
Cell pin lists are equivalent.
Device classes gf180mcu_fd_io__fill10 and gf180mcu_fd_io__fill10 are equivalent.
Flattening unmatched subcell GF_NI_ASIG_5P0_BASE in circuit gf180mcu_fd_io__asig_5p0 (0)(1 instance)
Flattening unmatched subcell np_6p0_CDNS_406619531451 in circuit gf180mcu_fd_io__asig_5p0 (0)(4 instances)
Flattening unmatched subcell comp018green_esd_hbm in circuit gf180mcu_fd_io__asig_5p0 (0)(1 instance)
Flattening unmatched subcell pn_6p0_CDNS_4066195314552 in circuit gf180mcu_fd_io__asig_5p0 (0)(4 instances)
Flattening unmatched subcell np_6p0_CDNS_4066195314553 in circuit gf180mcu_fd_io__asig_5p0 (0)(4 instances)

Cell gf180mcu_fd_io__asig_5p0 (0) disconnected node: VDD
Cell gf180mcu_fd_io__asig_5p0 (1) disconnected node: VDD
Cell gf180mcu_fd_io__asig_5p0 (1) disconnected node: VSS
Class gf180mcu_fd_io__asig_5p0 (0):  Merged 44 parallel devices.
Cell gf180mcu_fd_io__asig_5p0 (0) disconnected node: VDD
Cell gf180mcu_fd_io__asig_5p0 (1) disconnected node: VDD
Cell gf180mcu_fd_io__asig_5p0 (1) disconnected node: VSS
Subcircuit summary:
Circuit 1: gf180mcu_fd_io__asig_5p0        |Circuit 2: gf180mcu_fd_io__asig_5p0        
-------------------------------------------|-------------------------------------------
diode_nd2ps_06v0 (8->2)                    |diode_nd2ps_06v0 (8->2)                    
diode_pd2nw_06v0 (4->1)                    |diode_pd2nw_06v0 (4->1)                    
cap_nmos_06v0 (36->1)                      |cap_nmos_06v0 (36->1)                      
Number of devices: 4                       |Number of devices: 4                       
Number of nets: 3                          |Number of nets: 3                          
---------------------------------------------------------------------------------------
Netlists match uniquely with port errors.

Subcircuit pins:
Circuit 1: gf180mcu_fd_io__asig_5p0        |Circuit 2: gf180mcu_fd_io__asig_5p0        
-------------------------------------------|-------------------------------------------
ASIG5V                                     |ASIG5V                                     
VSS                                        |DVSS **Mismatch**                          
DVDD                                       |DVDD                                       
VDD                                        |VDD                                        
(no matching pin)                          |VSS                                        
---------------------------------------------------------------------------------------
Cell pin lists for gf180mcu_fd_io__asig_5p0 and gf180mcu_fd_io__asig_5p0 altered to match.
Device classes gf180mcu_fd_io__asig_5p0 and gf180mcu_fd_io__asig_5p0 are equivalent.

Cell gf180mcu_fd_io__asig_5p0 (0) disconnected node: VDD
Cell gf180mcu_fd_io__asig_5p0[[0]] (1) disconnected node: VDD
Cell gf180mcu_fd_io__asig_5p0[[0]] (1) disconnected node: VSS
Subcircuit summary:
Circuit 1: gf180mcu_fd_io__asig_5p0        |Circuit 2: gf180mcu_fd_io__asig_5p0[[0]]   
-------------------------------------------|-------------------------------------------
diode_nd2ps_06v0 (8->2)                    |diode_nd2ps_06v0 (8->2)                    
diode_pd2nw_06v0 (4->1)                    |diode_pd2nw_06v0 (4->1)                    
cap_nmos_06v0 (36->1)                      |cap_nmos_06v0 (36->1)                      
Number of devices: 4                       |Number of devices: 4                       
Number of nets: 3                          |Number of nets: 3                          
---------------------------------------------------------------------------------------
Netlists match uniquely with port errors.

Subcircuit pins:
Circuit 1: gf180mcu_fd_io__asig_5p0        |Circuit 2: gf180mcu_fd_io__asig_5p0[[0]]   
-------------------------------------------|-------------------------------------------
ASIG5V                                     |ASIG5V                                     
VSS                                        |DVSS **Mismatch**                          
DVDD                                       |DVDD                                       
VDD                                        |VDD                                        
(no matching pin)                          |VSS                                        
---------------------------------------------------------------------------------------
Cell pin lists for gf180mcu_fd_io__asig_5p0 and gf180mcu_fd_io__asig_5p0[[0]] altered to match.
Device classes gf180mcu_fd_io__asig_5p0 and gf180mcu_fd_io__asig_5p0[[0]] are equivalent.

Cell gf180mcu_fd_io__dvdd[[0]] (1) disconnected node: VSS
Class gf180mcu_fd_io__dvdd[[0]] (1):  Merged 11 series devices.
Cell gf180mcu_fd_io__dvdd[[0]] (1) disconnected node: VSS
Subcircuit summary:
Circuit 1: gf180mcu_fd_io__dvdd            |Circuit 2: gf180mcu_fd_io__dvdd[[0]]       
-------------------------------------------|-------------------------------------------
pfet_05v0 (31->3)                          |pfet_06v0 (3)                              
nfet_05v0 (93->4)                          |nfet_06v0 (4)                              
ppolyf_u (12->1)                           |ppolyf_u (12->1)                           
diode_nd2ps_06v0 (4->1)                    |diode_nd2ps_06v0 (4->1)                    
cap_nmos_06v0 (12->2)                      |cap_nmos_06v0 (12->2)                      
Number of devices: 11                      |Number of devices: 11                      
Number of nets: 6                          |Number of nets: 6                          
---------------------------------------------------------------------------------------
NET mismatches: Class fragments follow (with fanout counts):
Circuit 1: gf180mcu_fd_io__dvdd            |Circuit 2: gf180mcu_fd_io__dvdd[[0]]       

---------------------------------------------------------------------------------------
Net: DVDD                                  |Net: DVDD                                  
  pfet_05v0/(1|3) = 3                      |  pfet_06v0/(1|3) = 3                      
  pfet_05v0/4 = 3                          |  pfet_06v0/4 = 3                          
  ppolyf_u/(1|2) = 1                       |  ppolyf_u/(1|2) = 1                       
  nfet_05v0/(1|3) = 1                      |  ppolyf_u/3 = 1                           
  diode_nd2ps_06v0/cathode = 1             |  diode_nd2ps_06v0/cathode = 1             
  cap_nmos_06v0/1 = 1                      |  cap_nmos_06v0/1 = 1                      
                                           |  nfet_06v0/(1|3) = 1                      
                                           |                                           
Net: VSS                                   |Net: DVSS                                  
  nfet_05v0/(1|3) = 4                      |  cap_nmos_06v0/2 = 2                      
  nfet_05v0/4 = 4                          |  nfet_06v0/(1|3) = 4                      
  ppolyf_u/3 = 1                           |  nfet_06v0/4 = 4                          
  diode_nd2ps_06v0/anode = 1               |  diode_nd2ps_06v0/anode = 1               
  cap_nmos_06v0/2 = 2                      |                                           
---------------------------------------------------------------------------------------
Netlists do not match.
Port matching may fail to disambiguate symmetries.
  Flattening non-matched subcircuits gf180mcu_fd_io__dvdd {gf180mcu_fd_io__dvdd[[0]]}

Cell gf180mcu_fd_io__dvss (0) disconnected node: VDD
Cell gf180mcu_fd_io__dvss[[0]] (1) disconnected node: VDD
Class gf180mcu_fd_io__dvss[[0]] (1):  Merged 11 series devices.
Cell gf180mcu_fd_io__dvss (0) disconnected node: VDD
Cell gf180mcu_fd_io__dvss[[0]] (1) disconnected node: VDD
Subcircuit summary:
Circuit 1: gf180mcu_fd_io__dvss            |Circuit 2: gf180mcu_fd_io__dvss[[0]]       
-------------------------------------------|-------------------------------------------
pfet_05v0 (31->3)                          |pfet_06v0 (3)                              
nfet_05v0 (93->4)                          |nfet_06v0 (4)                              
ppolyf_u (12->1)                           |ppolyf_u (12->1)                           
diode_nd2ps_06v0 (4->1)                    |diode_nd2ps_06v0 (4->1)                    
cap_nmos_06v0 (12->2)                      |cap_nmos_06v0 (12->2)                      
Number of devices: 11                      |Number of devices: 11                      
Number of nets: 6                          |Number of nets: 6                          
---------------------------------------------------------------------------------------
NET mismatches: Class fragments follow (with fanout counts):
Circuit 1: gf180mcu_fd_io__dvss            |Circuit 2: gf180mcu_fd_io__dvss[[0]]       

---------------------------------------------------------------------------------------
Net: DVDD                                  |Net: DVDD                                  
  pfet_05v0/(1|3) = 3                      |  pfet_06v0/(1|3) = 3                      
  pfet_05v0/4 = 3                          |  pfet_06v0/4 = 3                          
  ppolyf_u/(1|2) = 1                       |  ppolyf_u/(1|2) = 1                       
  nfet_05v0/(1|3) = 1                      |  ppolyf_u/3 = 1                           
  diode_nd2ps_06v0/cathode = 1             |  diode_nd2ps_06v0/cathode = 1             
  cap_nmos_06v0/1 = 1                      |  cap_nmos_06v0/1 = 1                      
                                           |  nfet_06v0/(1|3) = 1                      
                                           |                                           
Net: DVSS                                  |Net: DVSS                                  
  cap_nmos_06v0/2 = 2                      |  cap_nmos_06v0/2 = 2                      
  nfet_05v0/4 = 4                          |  nfet_06v0/(1|3) = 4                      
  ppolyf_u/3 = 1                           |  nfet_06v0/4 = 4                          
  diode_nd2ps_06v0/anode = 1               |  diode_nd2ps_06v0/anode = 1               
  nfet_05v0/(1|3) = 4                      |                                           
---------------------------------------------------------------------------------------
Netlists do not match.
Port matching may fail to disambiguate symmetries.
  Flattening non-matched subcircuits gf180mcu_fd_io__dvss {gf180mcu_fd_io__dvss[[0]]}

Cell gf180mcu_fd_io__fill10 (0) disconnected node: DVSS
Cell gf180mcu_fd_io__fill10 (0) disconnected node: DVDD
Cell gf180mcu_fd_io__fill10[[0]] (1) disconnected node: DVDD
Cell gf180mcu_fd_io__fill10[[0]] (1) disconnected node: DVSS
Subcircuit summary:
Circuit 1: gf180mcu_fd_io__fill10          |Circuit 2: gf180mcu_fd_io__fill10[[0]]     
-------------------------------------------|-------------------------------------------
cap_nmos_06v0 (32->1)                      |cap_nmos_06v0 (32->1)                      
Number of devices: 1                       |Number of devices: 1                       
Number of nets: 2                          |Number of nets: 2                          
---------------------------------------------------------------------------------------
Netlists match uniquely.

Subcircuit pins:
Circuit 1: gf180mcu_fd_io__fill10          |Circuit 2: gf180mcu_fd_io__fill10[[0]]     
-------------------------------------------|-------------------------------------------
VDD                                        |VDD                                        
VSS                                        |VSS                                        
DVSS                                       |DVSS                                       
DVDD                                       |DVDD                                       
---------------------------------------------------------------------------------------
Cell pin lists are equivalent.
Device classes gf180mcu_fd_io__fill10 and gf180mcu_fd_io__fill10[[0]] are equivalent.

Class sample_pads (0):  Merged 2 parallel devices.
Class sample_pads (1):  Merged 2 parallel devices.
Subcircuit summary:
Circuit 1: sample_pads                     |Circuit 2: sample_pads                     
-------------------------------------------|-------------------------------------------
pfet_05v0 (62->6)                          |pfet_06v0 (6)                              
nfet_05v0 (186->8)                         |nfet_06v0 (8)                              
ppolyf_u (24->2)                           |ppolyf_u (24->2)                           
diode_nd2ps_06v0 (8->1)                    |diode_nd2ps_06v0 (8->1)                    
cap_nmos_06v0 (24->3)                      |cap_nmos_06v0 (24->3)                      
gf180mcu_fd_io__fill10 (2)                 |gf180mcu_fd_io__fill10[[0]] (2)            
gf180mcu_fd_io__asig_5p0 (1)               |gf180mcu_fd_io__asig_5p0 (1)               
Number of devices: 23                      |Number of devices: 23                      
Number of nets: 11                         |Number of nets: 11                         
---------------------------------------------------------------------------------------
NET mismatches: Class fragments follow (with fanout counts):
Circuit 1: sample_pads                     |Circuit 2: sample_pads                     

---------------------------------------------------------------------------------------
Net: DVDD                                  |Net: DVDD                                  
  pfet_05v0/(1|3) = 6                      |  gf180mcu_fd_io__asig_5p0[[0]]/VDD = 1    
  pfet_05v0/4 = 6                          |  gf180mcu_fd_io__asig_5p0[[0]]/DVDD = 1   
  ppolyf_u/(1|2) = 2                       |  ppolyf_u/(1|2) = 2                       
  nfet_05v0/(1|3) = 2                      |  pfet_06v0/4 = 6                          
  diode_nd2ps_06v0/cathode = 1             |  diode_nd2ps_06v0/cathode = 1             
  cap_nmos_06v0/1 = 1                      |  cap_nmos_06v0/1 = 1                      
  gf180mcu_fd_io__fill10/DVDD = 2          |  nfet_06v0/(1|3) = 2                      
  gf180mcu_fd_io__fill10/VDD = 2           |  pfet_06v0/(1|3) = 6                      
  gf180mcu_fd_io__asig_5p0/VDD = 1         |  ppolyf_u/3 = 2                           
  gf180mcu_fd_io__asig_5p0/DVDD = 1        |  gf180mcu_fd_io__fill10[[0]]/DVDD = 2     
                                           |  gf180mcu_fd_io__fill10[[0]]/VDD = 2      
                                           |                                           
Net: DVSS                                  |Net: DVSS                                  
  nfet_05v0/(1|3) = 8                      |  gf180mcu_fd_io__asig_5p0[[0]]/DVSS = 1   
  cap_nmos_06v0/2 = 3                      |  cap_nmos_06v0/2 = 3                      
  ppolyf_u/3 = 2                           |  nfet_06v0/(1|3) = 8                      
  nfet_05v0/4 = 8                          |  nfet_06v0/4 = 8                          
  diode_nd2ps_06v0/anode = 1               |  diode_nd2ps_06v0/anode = 1               
  gf180mcu_fd_io__fill10/DVSS = 2          |  gf180mcu_fd_io__fill10[[0]]/DVSS = 2     
  gf180mcu_fd_io__fill10/VSS = 2           |  gf180mcu_fd_io__fill10[[0]]/VSS = 2      
  gf180mcu_fd_io__asig_5p0/VSS = 1         |                                           
---------------------------------------------------------------------------------------
Netlists do not match.
Port matching may fail to disambiguate symmetries.

Subcircuit pins:
Circuit 1: sample_pads                     |Circuit 2: sample_pads                     
-------------------------------------------|-------------------------------------------
DVDD                                       |DVDD                                       
DVSS                                       |DVSS                                       
ASIG5V                                     |ASIG5V                                     
---------------------------------------------------------------------------------------
Cell pin lists are equivalent.
Device classes sample_pads and sample_pads are equivalent.

Final result: Netlists do not match.
Port matching may fail to disambiguate symmetries.
